0 verbose cli /opt/plesk/node/20/bin/node /opt/plesk/node/20/bin/npm
1 info using npm@10.8.1
2 info using node@v20.16.0
3 silly config load:file:/opt/plesk/node/20/lib/node_modules/npm/npmrc
4 silly config load:file:/var/www/vhosts/qmjewellery.com.my/httpdocs/.npmrc
5 silly config load:file:/var/www/vhosts/qmjewellery.com.my/.npmrc
6 silly config load:file:/opt/plesk/node/20/etc/npmrc
7 verbose title npm install
8 verbose argv "install"
9 verbose logfile logs-max:10 dir:/var/www/vhosts/qmjewellery.com.my/.npm/_logs/2024-08-08T05_11_30_136Z-
10 verbose logfile /var/www/vhosts/qmjewellery.com.my/.npm/_logs/2024-08-08T05_11_30_136Z-debug-0.log
11 silly packumentCache heap:2197815296 maxSize:549453824 maxEntrySize:274726912
12 silly logfile start cleaning logs, removing 1 files
13 silly logfile done cleaning log files
14 silly idealTree buildDeps
15 silly fetch manifest @babel/core@^7.0.0
16 silly packumentCache full:https://registry.npmjs.org/@babel%2fcore cache-miss
17 http fetch GET 200 https://registry.npmjs.org/npm 411ms
18 http fetch GET 200 https://registry.npmjs.org/@babel%2fcore 244ms (cache updated)
19 silly packumentCache full:https://registry.npmjs.org/@babel%2fcore set size:undefined disposed:false
20 silly placeDep ROOT @babel/core@7.25.2 OK for: @babel/helper-create-class-features-plugin@7.24.8 want: ^7.0.0
21 silly fetch manifest @ampproject/remapping@^2.2.0
22 silly packumentCache full:https://registry.npmjs.org/@ampproject%2fremapping cache-miss
23 http fetch GET 200 https://registry.npmjs.org/@ampproject%2fremapping 705ms (cache revalidated)
24 silly packumentCache full:https://registry.npmjs.org/@ampproject%2fremapping set size:88598 disposed:false
25 silly fetch manifest @babel/generator@^7.25.0
26 silly packumentCache full:https://registry.npmjs.org/@babel%2fgenerator cache-miss
27 http fetch GET 200 https://registry.npmjs.org/@babel%2fgenerator 53ms (cache updated)
28 silly packumentCache full:https://registry.npmjs.org/@babel%2fgenerator set size:undefined disposed:false
29 silly fetch manifest @babel/helper-compilation-targets@^7.25.2
30 silly packumentCache full:https://registry.npmjs.org/@babel%2fhelper-compilation-targets cache-miss
31 http fetch GET 200 https://registry.npmjs.org/@babel%2fhelper-compilation-targets 1360ms (cache updated)
32 silly packumentCache full:https://registry.npmjs.org/@babel%2fhelper-compilation-targets set size:undefined disposed:false
33 silly fetch manifest @babel/helper-module-transforms@^7.25.2
34 silly packumentCache full:https://registry.npmjs.org/@babel%2fhelper-module-transforms cache-miss
35 http fetch GET 200 https://registry.npmjs.org/@babel%2fhelper-module-transforms 55ms (cache updated)
36 silly packumentCache full:https://registry.npmjs.org/@babel%2fhelper-module-transforms set size:undefined disposed:false
37 silly fetch manifest @babel/helpers@^7.25.0
38 silly packumentCache full:https://registry.npmjs.org/@babel%2fhelpers cache-miss
39 http fetch GET 200 https://registry.npmjs.org/@babel%2fhelpers 60ms (cache updated)
40 silly packumentCache full:https://registry.npmjs.org/@babel%2fhelpers set size:undefined disposed:false
41 silly fetch manifest @babel/parser@^7.25.0
42 silly packumentCache full:https://registry.npmjs.org/@babel%2fparser cache-miss
43 http fetch GET 200 https://registry.npmjs.org/@babel%2fparser 67ms (cache updated)
44 silly packumentCache full:https://registry.npmjs.org/@babel%2fparser set size:undefined disposed:false
45 silly fetch manifest @babel/template@^7.25.0
46 silly packumentCache full:https://registry.npmjs.org/@babel%2ftemplate cache-miss
47 http fetch GET 200 https://registry.npmjs.org/@babel%2ftemplate 48ms (cache updated)
48 silly packumentCache full:https://registry.npmjs.org/@babel%2ftemplate set size:undefined disposed:false
49 silly fetch manifest @babel/traverse@^7.25.2
50 silly packumentCache full:https://registry.npmjs.org/@babel%2ftraverse cache-miss
51 http fetch GET 200 https://registry.npmjs.org/@babel%2ftraverse 63ms (cache updated)
52 silly packumentCache full:https://registry.npmjs.org/@babel%2ftraverse set size:undefined disposed:false
53 silly fetch manifest @babel/types@^7.25.2
54 silly packumentCache full:https://registry.npmjs.org/@babel%2ftypes cache-miss
55 http fetch GET 200 https://registry.npmjs.org/@babel%2ftypes 61ms (cache updated)
56 silly packumentCache full:https://registry.npmjs.org/@babel%2ftypes set size:undefined disposed:false
57 silly fetch manifest convert-source-map@^2.0.0
58 silly packumentCache full:https://registry.npmjs.org/convert-source-map cache-miss
59 http fetch GET 200 https://registry.npmjs.org/convert-source-map 699ms (cache revalidated)
60 silly packumentCache full:https://registry.npmjs.org/convert-source-map set size:66997 disposed:false
61 silly fetch manifest gensync@^1.0.0-beta.2
62 silly packumentCache full:https://registry.npmjs.org/gensync cache-miss
63 http fetch GET 200 https://registry.npmjs.org/gensync 690ms (cache revalidated)
64 silly packumentCache full:https://registry.npmjs.org/gensync set size:15068 disposed:false
65 silly placeDep ROOT @ampproject/remapping@2.3.0 OK for: @babel/core@7.25.2 want: ^2.2.0
66 silly placeDep ROOT @babel/generator@7.25.0 REPLACE for: @babel/core@7.25.2 want: ^7.25.0
67 silly placeDep ROOT @babel/helper-compilation-targets@7.25.2 OK for: @babel/core@7.25.2 want: ^7.25.2
68 silly placeDep ROOT @babel/helper-module-transforms@7.25.2 REPLACE for: @babel/core@7.25.2 want: ^7.25.2
69 silly placeDep ROOT @babel/helpers@7.25.0 OK for: @babel/core@7.25.2 want: ^7.25.0
70 silly placeDep ROOT @babel/parser@7.25.3 REPLACE for: @babel/core@7.25.2 want: ^7.25.0
71 silly placeDep ROOT @babel/template@7.25.0 REPLACE for: @babel/core@7.25.2 want: ^7.25.0
72 silly placeDep ROOT @babel/traverse@7.25.3 REPLACE for: @babel/core@7.25.2 want: ^7.25.2
73 silly placeDep ROOT @babel/types@7.25.2 REPLACE for: @babel/core@7.25.2 want: ^7.25.2
74 silly placeDep ROOT convert-source-map@2.0.0 OK for: @babel/core@7.25.2 want: ^2.0.0
75 silly placeDep ROOT gensync@1.0.0-beta.2 OK for: @babel/core@7.25.2 want: ^1.0.0-beta.2
76 silly fetch manifest @babel/types@^7.25.0
77 silly packumentCache full:https://registry.npmjs.org/@babel%2ftypes cache-miss
78 http fetch GET 200 https://registry.npmjs.org/@babel%2ftypes 4ms (cache hit)
79 silly packumentCache full:https://registry.npmjs.org/@babel%2ftypes set size:415930 disposed:false
80 silly fetch manifest @babel/compat-data@^7.25.2
81 silly packumentCache full:https://registry.npmjs.org/@babel%2fcompat-data cache-miss
82 http fetch GET 200 https://registry.npmjs.org/@babel%2fcompat-data 699ms (cache updated)
83 silly packumentCache full:https://registry.npmjs.org/@babel%2fcompat-data set size:undefined disposed:false
84 silly fetch manifest browserslist@^4.23.1
85 silly packumentCache full:https://registry.npmjs.org/browserslist cache-miss
86 http fetch GET 200 https://registry.npmjs.org/browserslist 56ms (cache updated)
87 silly packumentCache full:https://registry.npmjs.org/browserslist set size:undefined disposed:false
88 silly fetch manifest lru-cache@^5.1.1
89 silly packumentCache full:https://registry.npmjs.org/lru-cache cache-miss
90 http fetch GET 200 https://registry.npmjs.org/lru-cache 38ms (cache revalidated)
91 silly packumentCache full:https://registry.npmjs.org/lru-cache set size:698785 disposed:false
92 silly placeDep ROOT @babel/compat-data@7.25.2 OK for: @babel/helper-compilation-targets@7.25.2 want: ^7.25.2
93 silly placeDep ROOT browserslist@4.23.3 OK for: @babel/helper-compilation-targets@7.25.2 want: ^4.23.1
94 silly placeDep ROOT lru-cache@5.1.1 OK for: @babel/helper-compilation-targets@7.25.2 want: ^5.1.1
95 silly fetch manifest caniuse-lite@^1.0.30001646
96 silly packumentCache full:https://registry.npmjs.org/caniuse-lite cache-miss
97 http fetch GET 200 https://registry.npmjs.org/caniuse-lite 74ms (cache updated)
98 silly packumentCache full:https://registry.npmjs.org/caniuse-lite set size:undefined disposed:false
99 silly fetch manifest electron-to-chromium@^1.5.4
100 silly packumentCache full:https://registry.npmjs.org/electron-to-chromium cache-miss
101 http fetch GET 200 https://registry.npmjs.org/electron-to-chromium 756ms (cache updated)
102 silly packumentCache full:https://registry.npmjs.org/electron-to-chromium set size:undefined disposed:false
103 silly fetch manifest node-releases@^2.0.18
104 silly packumentCache full:https://registry.npmjs.org/node-releases cache-miss
105 http fetch GET 200 https://registry.npmjs.org/node-releases 71ms (cache updated)
106 silly packumentCache full:https://registry.npmjs.org/node-releases set size:undefined disposed:false
107 silly fetch manifest update-browserslist-db@^1.1.0
108 silly packumentCache full:https://registry.npmjs.org/update-browserslist-db cache-miss
109 http fetch GET 200 https://registry.npmjs.org/update-browserslist-db 35ms (cache revalidated)
110 silly packumentCache full:https://registry.npmjs.org/update-browserslist-db set size:46552 disposed:false
111 silly fetch manifest yallist@^3.0.2
112 silly packumentCache full:https://registry.npmjs.org/yallist cache-miss
113 http fetch GET 200 https://registry.npmjs.org/yallist 33ms (cache revalidated)
114 silly packumentCache full:https://registry.npmjs.org/yallist set size:34610 disposed:false
115 silly fetch manifest browserslist@>= 4.21.0
116 silly packumentCache full:https://registry.npmjs.org/browserslist cache-miss
117 http fetch GET 200 https://registry.npmjs.org/browserslist 4ms (cache hit)
118 silly packumentCache full:https://registry.npmjs.org/browserslist set size:467045 disposed:false
119 silly placeDep ROOT caniuse-lite@1.0.30001650 REPLACE for: browserslist@4.23.3 want: ^1.0.30001646
120 silly placeDep ROOT electron-to-chromium@1.5.5 OK for: browserslist@4.23.3 want: ^1.5.4
121 silly placeDep ROOT node-releases@2.0.18 OK for: browserslist@4.23.3 want: ^2.0.18
122 silly placeDep ROOT update-browserslist-db@1.1.0 OK for: browserslist@4.23.3 want: ^1.1.0
123 silly fetch manifest escalade@^3.1.2
124 silly packumentCache full:https://registry.npmjs.org/escalade cache-miss
125 http fetch GET 200 https://registry.npmjs.org/escalade 33ms (cache revalidated)
126 silly packumentCache full:https://registry.npmjs.org/escalade set size:31685 disposed:false
127 silly fetch manifest webpack@^4.0.0 || ^5.0.0
128 silly packumentCache full:https://registry.npmjs.org/webpack cache-miss
129 http fetch GET 200 https://registry.npmjs.org/webpack 57ms (cache revalidated)
130 silly packumentCache full:https://registry.npmjs.org/webpack set size:4662227 disposed:false
131 silly placeDep ROOT webpack@5.93.0 OK for: file-loader@6.2.0 want: ^4.0.0 || ^5.0.0
132 silly fetch manifest acorn@^8.7.1
133 silly packumentCache full:https://registry.npmjs.org/acorn cache-miss
134 http fetch GET 200 https://registry.npmjs.org/acorn 703ms (cache revalidated)
135 silly packumentCache full:https://registry.npmjs.org/acorn set size:402415 disposed:false
136 silly fetch manifest events@^3.2.0
137 silly packumentCache full:https://registry.npmjs.org/events cache-miss
138 http fetch GET 200 https://registry.npmjs.org/events 31ms (cache revalidated)
139 silly packumentCache full:https://registry.npmjs.org/events set size:35240 disposed:false
140 silly fetch manifest tapable@^2.1.1
141 silly packumentCache full:https://registry.npmjs.org/tapable cache-miss
142 http fetch GET 200 https://registry.npmjs.org/tapable 41ms (cache revalidated)
143 silly packumentCache full:https://registry.npmjs.org/tapable set size:195640 disposed:false
144 silly fetch manifest neo-async@^2.6.2
145 silly packumentCache full:https://registry.npmjs.org/neo-async cache-miss
146 http fetch GET 200 https://registry.npmjs.org/neo-async 35ms (cache revalidated)
147 silly packumentCache full:https://registry.npmjs.org/neo-async set size:155670 disposed:false
148 silly fetch manifest watchpack@^2.4.1
149 silly packumentCache full:https://registry.npmjs.org/watchpack cache-miss
150 http fetch GET 200 https://registry.npmjs.org/watchpack 690ms (cache revalidated)
151 silly packumentCache full:https://registry.npmjs.org/watchpack set size:215760 disposed:false
152 silly fetch manifest eslint-scope@5.1.1
153 silly packumentCache full:https://registry.npmjs.org/eslint-scope cache-miss
154 http fetch GET 200 https://registry.npmjs.org/eslint-scope 32ms (cache revalidated)
155 silly packumentCache full:https://registry.npmjs.org/eslint-scope set size:70409 disposed:false
156 silly fetch manifest @types/estree@^1.0.5
157 silly packumentCache full:https://registry.npmjs.org/@types%2festree cache-miss
158 http fetch GET 200 https://registry.npmjs.org/@types%2festree 44ms (cache revalidated)
159 silly packumentCache full:https://registry.npmjs.org/@types%2festree set size:69632 disposed:false
160 silly fetch manifest loader-runner@^4.2.0
161 silly packumentCache full:https://registry.npmjs.org/loader-runner cache-miss
162 http fetch GET 200 https://registry.npmjs.org/loader-runner 31ms (cache revalidated)
163 silly packumentCache full:https://registry.npmjs.org/loader-runner set size:37134 disposed:false
164 silly fetch manifest es-module-lexer@^1.2.1
165 silly packumentCache full:https://registry.npmjs.org/es-module-lexer cache-miss
166 http fetch GET 200 https://registry.npmjs.org/es-module-lexer 39ms (cache revalidated)
167 silly packumentCache full:https://registry.npmjs.org/es-module-lexer set size:195704 disposed:false
168 silly fetch manifest webpack-sources@^3.2.3
169 silly packumentCache full:https://registry.npmjs.org/webpack-sources cache-miss
170 http fetch GET 200 https://registry.npmjs.org/webpack-sources 31ms (cache revalidated)
171 silly packumentCache full:https://registry.npmjs.org/webpack-sources set size:212090 disposed:false
172 silly fetch manifest enhanced-resolve@^5.17.0
173 silly packumentCache full:https://registry.npmjs.org/enhanced-resolve cache-miss
174 http fetch GET 200 https://registry.npmjs.org/enhanced-resolve 57ms (cache updated)
175 silly packumentCache full:https://registry.npmjs.org/enhanced-resolve set size:undefined disposed:false
176 silly fetch manifest @webassemblyjs/ast@^1.12.1
177 silly packumentCache full:https://registry.npmjs.org/@webassemblyjs%2fast cache-miss
178 http fetch GET 200 https://registry.npmjs.org/@webassemblyjs%2fast 49ms (cache revalidated)
179 silly packumentCache full:https://registry.npmjs.org/@webassemblyjs%2fast set size:193812 disposed:false
180 silly fetch manifest chrome-trace-event@^1.0.2
181 silly packumentCache full:https://registry.npmjs.org/chrome-trace-event cache-miss
182 http fetch GET 200 https://registry.npmjs.org/chrome-trace-event 675ms (cache revalidated)
183 silly packumentCache full:https://registry.npmjs.org/chrome-trace-event set size:20859 disposed:false
184 silly fetch manifest @types/eslint-scope@^3.7.3
185 silly packumentCache full:https://registry.npmjs.org/@types%2feslint-scope cache-miss
186 http fetch GET 200 https://registry.npmjs.org/@types%2feslint-scope 42ms (cache revalidated)
187 silly packumentCache full:https://registry.npmjs.org/@types%2feslint-scope set size:17104 disposed:false
188 silly fetch manifest terser-webpack-plugin@^5.3.10
189 silly packumentCache full:https://registry.npmjs.org/terser-webpack-plugin cache-miss
190 http fetch GET 200 https://registry.npmjs.org/terser-webpack-plugin 47ms (cache updated)
191 silly packumentCache full:https://registry.npmjs.org/terser-webpack-plugin set size:undefined disposed:false
192 silly fetch manifest acorn-import-attributes@^1.9.5
193 silly packumentCache full:https://registry.npmjs.org/acorn-import-attributes cache-miss
194 http fetch GET 200 https://registry.npmjs.org/acorn-import-attributes 29ms (cache revalidated)
195 silly packumentCache full:https://registry.npmjs.org/acorn-import-attributes set size:16911 disposed:false
196 silly fetch manifest @webassemblyjs/wasm-edit@^1.12.1
197 silly packumentCache full:https://registry.npmjs.org/@webassemblyjs%2fwasm-edit cache-miss
198 http fetch GET 200 https://registry.npmjs.org/@webassemblyjs%2fwasm-edit 45ms (cache revalidated)
199 silly packumentCache full:https://registry.npmjs.org/@webassemblyjs%2fwasm-edit set size:197148 disposed:false
200 silly fetch manifest @webassemblyjs/wasm-parser@^1.12.1
201 silly packumentCache full:https://registry.npmjs.org/@webassemblyjs%2fwasm-parser cache-miss
202 http fetch GET 200 https://registry.npmjs.org/@webassemblyjs%2fwasm-parser 42ms (cache revalidated)
203 silly packumentCache full:https://registry.npmjs.org/@webassemblyjs%2fwasm-parser set size:208108 disposed:false
204 silly fetch manifest json-parse-even-better-errors@^2.3.1
205 silly packumentCache full:https://registry.npmjs.org/json-parse-even-better-errors cache-miss
206 http fetch GET 200 https://registry.npmjs.org/json-parse-even-better-errors 46ms (cache updated)
207 silly packumentCache full:https://registry.npmjs.org/json-parse-even-better-errors set size:undefined disposed:false
208 silly placeDep ROOT yallist@3.1.1 OK for: lru-cache@5.1.1 want: ^3.0.2
209 silly fetch manifest react@^16.8.0
210 silly packumentCache full:https://registry.npmjs.org/react cache-miss
211 http fetch GET 200 https://registry.npmjs.org/react 128ms (cache updated)
212 silly packumentCache full:https://registry.npmjs.org/react set size:undefined disposed:false
213 silly fetch manifest react-dom@^16.8.0
214 silly packumentCache full:https://registry.npmjs.org/react-dom cache-miss
215 http fetch GET 200 https://registry.npmjs.org/react-dom 210ms (cache updated)
216 silly packumentCache full:https://registry.npmjs.org/react-dom set size:undefined disposed:false
217 verbose stack Error: could not resolve
217 verbose stack     at PlaceDep.failPeerConflict (/opt/plesk/node/20/lib/node_modules/npm/node_modules/@npmcli/arborist/lib/place-dep.js:503:25)
217 verbose stack     at new PlaceDep (/opt/plesk/node/20/lib/node_modules/npm/node_modules/@npmcli/arborist/lib/place-dep.js:157:21)
217 verbose stack     at #buildDepStep (/opt/plesk/node/20/lib/node_modules/npm/node_modules/@npmcli/arborist/lib/arborist/build-ideal-tree.js:917:18)
217 verbose stack     at async Arborist.buildIdealTree (/opt/plesk/node/20/lib/node_modules/npm/node_modules/@npmcli/arborist/lib/arborist/build-ideal-tree.js:181:7)
217 verbose stack     at async Promise.all (index 1)
217 verbose stack     at async Arborist.reify (/opt/plesk/node/20/lib/node_modules/npm/node_modules/@npmcli/arborist/lib/arborist/reify.js:131:5)
217 verbose stack     at async Install.exec (/opt/plesk/node/20/lib/node_modules/npm/lib/commands/install.js:150:5)
217 verbose stack     at async Npm.exec (/opt/plesk/node/20/lib/node_modules/npm/lib/npm.js:207:9)
217 verbose stack     at async module.exports (/opt/plesk/node/20/lib/node_modules/npm/lib/cli/entry.js:74:5)
218 error code ERESOLVE
219 error ERESOLVE could not resolve
220 error
221 error While resolving: react-dropdown-date@2.2.7
221 error Found: react@18.2.0
221 error node_modules/react
221 error   react@"18.2.0" from the root project
221 error   peerOptional react@"^16.8.0 || ^17.0.0 || ^18.0.0" from @apollo/client@3.10.8
221 error   node_modules/@apollo/client
221 error     @apollo/client@"^3.7.12" from the root project
221 error     @apollo/client@"latest" from @apollo/react-ssr@4.0.0
221 error     node_modules/@apollo/react-ssr
221 error       @apollo/react-ssr@"4.0.0" from the root project
221 error   44 more (@paypal/react-paypal-js, @react-aria/ssr, ...)
221 error
221 error Could not resolve dependency:
221 error peer react@"^16.8.0" from react-dropdown-date@2.2.7
221 error node_modules/react-dropdown-date
221 error   react-dropdown-date@"^2.2.7" from the root project
221 error
221 error Conflicting peer dependency: react@16.14.0
221 error node_modules/react
221 error   peer react@"^16.8.0" from react-dropdown-date@2.2.7
221 error   node_modules/react-dropdown-date
221 error     react-dropdown-date@"^2.2.7" from the root project
221 error
221 error Fix the upstream dependency conflict, or retry
221 error this command with --force or --legacy-peer-deps
221 error to accept an incorrect (and potentially broken) dependency resolution.
222 error
222 error
222 error For a full report see:
222 error /var/www/vhosts/qmjewellery.com.my/.npm/_logs/2024-08-08T05_11_30_136Z-eresolve-report.txt
223 silly unfinished npm timer reify 1723093890528
224 silly unfinished npm timer reify:loadTrees 1723093890588
225 silly unfinished npm timer idealTree:buildDeps 1723093890768
226 silly unfinished npm timer idealTree:node_modules/react-dropdown-date 1723093899668
227 verbose cwd /var/www/vhosts/qmjewellery.com.my/httpdocs
228 verbose os Linux 4.18.0-553.8.1.el8_10.x86_64
229 verbose node v20.16.0
230 verbose npm  v10.8.1
231 notice
231 notice New patch version of npm available! 10.8.1 -> 10.8.2
231 notice Changelog: https://github.com/npm/cli/releases/tag/v10.8.2
231 notice To update run: npm install -g npm@10.8.2
231 notice  { force: true, [Symbol(proc-log.meta)]: true }
232 verbose exit 1
233 verbose code 1
234 error A complete log of this run can be found in: /var/www/vhosts/qmjewellery.com.my/.npm/_logs/2024-08-08T05_11_30_136Z-debug-0.log
