0 verbose cli /opt/plesk/node/20/bin/node /opt/plesk/node/20/bin/npm
1 info using npm@10.8.1
2 info using node@v20.16.0
3 silly config load:file:/opt/plesk/node/20/lib/node_modules/npm/npmrc
4 silly config load:file:/var/www/vhosts/qmjewellery.com.my/httpdocs/.npmrc
5 silly config load:file:/var/www/vhosts/qmjewellery.com.my/.npmrc
6 silly config load:file:/opt/plesk/node/20/etc/npmrc
7 verbose title npm install
8 verbose argv "install" "--legacy-peer-deps"
9 verbose logfile logs-max:10 dir:/var/www/vhosts/qmjewellery.com.my/.npm/_logs/2024-08-08T05_30_29_733Z-
10 verbose logfile /var/www/vhosts/qmjewellery.com.my/.npm/_logs/2024-08-08T05_30_29_733Z-debug-0.log
11 silly packumentCache heap:2197815296 maxSize:549453824 maxEntrySize:274726912
12 silly logfile start cleaning logs, removing 1 files
13 silly logfile done cleaning log files
14 silly idealTree buildDeps
15 silly reify moves {}
16 silly audit bulk request {
16 silly audit   '@apollo/client': [ '3.10.8' ],
16 silly audit   '@apollo/react-ssr': [ '4.0.0' ],
16 silly audit   '@babel/code-frame': [ '7.24.7' ],
16 silly audit   '@babel/generator': [ '7.24.10' ],
16 silly audit   '@babel/helper-annotate-as-pure': [ '7.24.7' ],
16 silly audit   '@babel/helper-create-class-features-plugin': [ '7.24.8' ],
16 silly audit   '@babel/helper-environment-visitor': [ '7.24.7' ],
16 silly audit   '@babel/helper-function-name': [ '7.24.7' ],
16 silly audit   '@babel/helper-hoist-variables': [ '7.24.7' ],
16 silly audit   '@babel/helper-member-expression-to-functions': [ '7.24.8' ],
16 silly audit   '@babel/helper-module-imports': [ '7.24.7' ],
16 silly audit   '@babel/helper-module-transforms': [ '7.24.9' ],
16 silly audit   '@babel/helper-optimise-call-expression': [ '7.24.7' ],
16 silly audit   '@babel/helper-plugin-utils': [ '7.24.8' ],
16 silly audit   '@babel/helper-replace-supers': [ '7.24.7' ],
16 silly audit   '@babel/helper-simple-access': [ '7.24.7' ],
16 silly audit   '@babel/helper-skip-transparent-expression-wrappers': [ '7.24.7' ],
16 silly audit   '@babel/helper-split-export-declaration': [ '7.24.7' ],
16 silly audit   '@babel/helper-string-parser': [ '7.24.8' ],
16 silly audit   '@babel/helper-validator-identifier': [ '7.24.7' ],
16 silly audit   '@babel/helper-validator-option': [ '7.24.8' ],
16 silly audit   '@babel/highlight': [ '7.24.7' ],
16 silly audit   '@babel/parser': [ '7.24.8' ],
16 silly audit   '@babel/plugin-syntax-jsx': [ '7.24.7' ],
16 silly audit   '@babel/plugin-syntax-typescript': [ '7.24.7' ],
16 silly audit   '@babel/plugin-transform-modules-commonjs': [ '7.24.8' ],
16 silly audit   '@babel/plugin-transform-typescript': [ '7.24.8' ],
16 silly audit   '@babel/preset-typescript': [ '7.24.7' ],
16 silly audit   '@babel/runtime': [ '7.24.8' ],
16 silly audit   '@babel/template': [ '7.24.7' ],
16 silly audit   '@babel/traverse': [ '7.24.8' ],
16 silly audit   '@babel/types': [ '7.24.9' ],
16 silly audit   '@emotion/is-prop-valid': [ '0.7.3' ],
16 silly audit   '@emotion/memoize': [ '0.7.1' ],
16 silly audit   '@formatjs/ecma402-abstract': [ '2.0.0' ],
16 silly audit   '@formatjs/fast-memoize': [ '2.2.0' ],
16 silly audit   '@formatjs/icu-messageformat-parser': [ '2.7.8' ],
16 silly audit   '@formatjs/icu-skeleton-parser': [ '1.8.2' ],
16 silly audit   '@formatjs/intl': [ '2.10.4' ],
16 silly audit   '@formatjs/intl-displaynames': [ '6.6.8' ],
16 silly audit   '@formatjs/intl-listformat': [ '7.5.7' ],
16 silly audit   '@formatjs/intl-localematcher': [ '0.5.4' ],
16 silly audit   '@graphql-typed-document-node/core': [ '3.2.0' ],
16 silly audit   '@jimp/bmp': [ '0.22.12' ],
16 silly audit   '@jimp/core': [ '0.22.12' ],
16 silly audit   '@jimp/custom': [ '0.22.12' ],
16 silly audit   '@jimp/gif': [ '0.22.12' ],
16 silly audit   '@jimp/jpeg': [ '0.22.12' ],
16 silly audit   '@jimp/plugin-blit': [ '0.22.12' ],
16 silly audit   '@jimp/plugin-blur': [ '0.22.12' ],
16 silly audit   '@jimp/plugin-circle': [ '0.22.12' ],
16 silly audit   '@jimp/plugin-color': [ '0.22.12' ],
16 silly audit   '@jimp/plugin-contain': [ '0.22.12' ],
16 silly audit   '@jimp/plugin-cover': [ '0.22.12' ],
16 silly audit   '@jimp/plugin-crop': [ '0.22.12' ],
16 silly audit   '@jimp/plugin-displace': [ '0.22.12' ],
16 silly audit   '@jimp/plugin-dither': [ '0.22.12' ],
16 silly audit   '@jimp/plugin-fisheye': [ '0.22.12' ],
16 silly audit   '@jimp/plugin-flip': [ '0.22.12' ],
16 silly audit   '@jimp/plugin-gaussian': [ '0.22.12' ],
16 silly audit   '@jimp/plugin-invert': [ '0.22.12' ],
16 silly audit   '@jimp/plugin-mask': [ '0.22.12' ],
16 silly audit   '@jimp/plugin-normalize': [ '0.22.12' ],
16 silly audit   '@jimp/plugin-print': [ '0.22.12' ],
16 silly audit   '@jimp/plugin-resize': [ '0.22.12' ],
16 silly audit   '@jimp/plugin-rotate': [ '0.22.12' ],
16 silly audit   '@jimp/plugin-scale': [ '0.22.12' ],
16 silly audit   '@jimp/plugin-shadow': [ '0.22.12' ],
16 silly audit   '@jimp/plugin-threshold': [ '0.22.12' ],
16 silly audit   '@jimp/plugins': [ '0.22.12' ],
16 silly audit   '@jimp/png': [ '0.22.12' ],
16 silly audit   '@jimp/tiff': [ '0.22.12' ],
16 silly audit   '@jimp/types': [ '0.22.12' ],
16 silly audit   '@jimp/utils': [ '0.22.12' ],
16 silly audit   'regenerator-runtime': [ '0.13.11', '0.11.1', '0.14.1' ],
16 silly audit   '@jridgewell/gen-mapping': [ '0.3.5' ],
16 silly audit   '@jridgewell/resolve-uri': [ '3.1.2' ],
16 silly audit   '@jridgewell/set-array': [ '1.2.1' ],
16 silly audit   '@jridgewell/sourcemap-codec': [ '1.5.0' ],
16 silly audit   '@jridgewell/trace-mapping': [ '0.3.25' ],
16 silly audit   '@next/env': [ '13.5.6' ],
16 silly audit   '@next/swc-darwin-arm64': [ '13.5.6' ],
16 silly audit   '@next/swc-darwin-x64': [ '13.5.6' ],
16 silly audit   '@next/swc-linux-arm64-gnu': [ '13.5.6' ],
16 silly audit   '@next/swc-linux-arm64-musl': [ '13.5.6' ],
16 silly audit   '@next/swc-linux-x64-gnu': [ '13.5.6' ],
16 silly audit   '@next/swc-linux-x64-musl': [ '13.5.6' ],
16 silly audit   '@next/swc-win32-arm64-msvc': [ '13.5.6' ],
16 silly audit   '@next/swc-win32-ia32-msvc': [ '13.5.6' ],
16 silly audit   '@next/swc-win32-x64-msvc': [ '13.5.6' ],
16 silly audit   '@paypal/paypal-js': [ '8.1.0' ],
16 silly audit   '@paypal/react-paypal-js': [ '8.5.0' ],
16 silly audit   '@paypal/sdk-constants': [ '1.0.149' ],
16 silly audit   '@popperjs/core': [ '2.11.8' ],
16 silly audit   '@react-aria/ssr': [ '3.9.4' ],
16 silly audit   '@reduxjs/toolkit': [ '1.9.7' ],
16 silly audit   '@restart/hooks': [ '0.4.16' ],
16 silly audit   '@restart/ui': [ '1.6.9' ],
16 silly audit   uncontrollable: [ '8.0.4', '7.2.1' ],
16 silly audit   '@swc/helpers': [ '0.5.2' ],
16 silly audit   '@tokenizer/token': [ '0.3.0' ],
16 silly audit   '@types/hoist-non-react-statics': [ '3.3.5' ],
16 silly audit   '@types/json-schema': [ '7.0.15' ],
16 silly audit   '@types/node': [ '16.9.1', '18.19.40' ],
16 silly audit   '@types/prop-types': [ '15.7.12' ],
16 silly audit   '@types/react': [ '18.3.3' ],
16 silly audit   '@types/react-slick': [ '0.23.13' ],
16 silly audit   '@types/react-sticky-el': [ '1.0.7' ],
16 silly audit   '@types/react-transition-group': [ '4.4.10' ],
16 silly audit   '@types/reactstrap': [ '8.7.2' ],
16 silly audit   '@types/use-sync-external-store': [ '0.0.3' ],
16 silly audit   '@types/warning': [ '3.0.3' ],
16 silly audit   '@wry/caches': [ '1.0.1' ],
16 silly audit   '@wry/context': [ '0.7.4' ],
16 silly audit   '@wry/equality': [ '0.5.7' ],
16 silly audit   '@wry/trie': [ '0.5.0', '0.4.3' ],
16 silly audit   '@yr/monotone-cubic-spline': [ '1.0.3' ],
16 silly audit   '@zeit/next-typescript': [ '1.1.1' ],
16 silly audit   ajv: [ '6.12.6', '8.17.1' ],
16 silly audit   'ajv-formats': [ '2.1.1' ],
16 silly audit   'json-schema-traverse': [ '1.0.0', '0.4.1' ],
16 silly audit   'ajv-keywords': [ '3.5.2', '5.1.0' ],
16 silly audit   'animate.css': [ '4.1.1' ],
16 silly audit   'ansi-regex': [ '2.1.1' ],
16 silly audit   'ansi-styles': [ '3.2.1', '2.2.1' ],
16 silly audit   'any-base': [ '1.1.0' ],
16 silly audit   anymatch: [ '3.1.3' ],
16 silly audit   apexcharts: [ '3.50.0' ],
16 silly audit   asap: [ '2.0.6' ],
16 silly audit   'babel-code-frame': [ '6.26.0' ],
16 silly audit   chalk: [ '1.1.3', '2.4.2' ],
16 silly audit   'js-tokens': [ '3.0.2', '4.0.0' ],
16 silly audit   'supports-color': [ '2.0.0', '5.5.0' ],
16 silly audit   'babel-helper-bindify-decorators': [ '6.24.1' ],
16 silly audit   'babel-helper-builder-binary-assignment-operator-visitor': [ '6.24.1' ],
16 silly audit   'babel-helper-explode-assignable-expression': [ '6.24.1' ],
16 silly audit   'babel-helper-explode-class': [ '6.24.1' ],
16 silly audit   'babel-helper-function-name': [ '6.24.1' ],
16 silly audit   'babel-helper-get-function-arity': [ '6.24.1' ],
16 silly audit   'babel-helper-remap-async-to-generator': [ '6.24.1' ],
16 silly audit   'babel-messages': [ '6.23.0' ],
16 silly audit   'babel-plugin-syntax-async-functions': [ '6.13.0' ],
16 silly audit   'babel-plugin-syntax-async-generators': [ '6.13.0' ],
16 silly audit   'babel-plugin-syntax-class-properties': [ '6.13.0' ],
16 silly audit   'babel-plugin-syntax-decorators': [ '6.13.0' ],
16 silly audit   'babel-plugin-syntax-dynamic-import': [ '6.18.0' ],
16 silly audit   'babel-plugin-syntax-exponentiation-operator': [ '6.13.0' ],
16 silly audit   'babel-plugin-syntax-object-rest-spread': [ '6.13.0' ],
16 silly audit   'babel-plugin-syntax-trailing-function-commas': [ '6.22.0' ],
16 silly audit   'babel-plugin-transform-async-generator-functions': [ '6.24.1' ],
16 silly audit   'babel-plugin-transform-async-to-generator': [ '6.24.1' ],
16 silly audit   'babel-plugin-transform-class-properties': [ '6.24.1' ],
16 silly audit   'babel-plugin-transform-decorators': [ '6.24.1' ],
16 silly audit   'babel-plugin-transform-exponentiation-operator': [ '6.24.1' ],
16 silly audit   'babel-plugin-transform-object-rest-spread': [ '6.26.0' ],
16 silly audit   'babel-preset-stage-2': [ '6.24.1' ],
16 silly audit   'babel-preset-stage-3': [ '6.24.1' ],
16 silly audit   'babel-runtime': [ '6.26.0' ],
16 silly audit   'babel-template': [ '6.26.0' ],
16 silly audit   'babel-traverse': [ '6.26.0' ],
16 silly audit   debug: [ '2.6.9', '4.3.5' ],
16 silly audit   globals: [ '9.18.0', '11.12.0' ],
16 silly audit   ms: [ '2.0.0', '2.1.2' ],
16 silly audit   'babel-types': [ '6.26.0' ],
16 silly audit   'to-fast-properties': [ '1.0.3', '2.0.0' ],
16 silly audit   babylon: [ '6.18.0' ],
16 silly audit   'base64-js': [ '1.5.1' ],
16 silly audit   'big.js': [ '5.2.2' ],
16 silly audit   'binary-extensions': [ '2.3.0' ],
16 silly audit   'bmp-js': [ '0.1.0' ],
16 silly audit   bootstrap: [ '5.3.3' ],
16 silly audit   'bootstrap-scss': [ '5.3.3' ],
16 silly audit   braces: [ '3.0.3' ],
16 silly audit   buffer: [ '5.7.1' ],
16 silly audit   'buffer-equal': [ '0.0.1' ],
16 silly audit   busboy: [ '1.6.0' ],
16 silly audit   'can-use-dom': [ '0.1.0' ],
16 silly audit   'caniuse-lite': [ '1.0.30001642' ],
16 silly audit   centra: [ '2.7.0' ],
16 silly audit   chokidar: [ '3.6.0' ],
16 silly audit   classnames: [ '2.5.1' ],
16 silly audit   'client-only': [ '0.0.1' ],
16 silly audit   clsx: [ '1.2.1' ],
16 silly audit   color: [ '3.2.1' ],
16 silly audit   'color-convert': [ '1.9.3' ],
16 silly audit   'color-name': [ '1.1.3' ],
16 silly audit   'color-string': [ '1.9.1' ],
16 silly audit   commondir: [ '1.0.1' ],
16 silly audit   'core-js': [ '2.6.12', '1.2.7', '3.37.1' ],
16 silly audit   'css-jss': [ '10.10.0' ],
16 silly audit   'css-vendor': [ '2.0.8' ],
16 silly audit   csstype: [ '3.1.3' ],
16 silly audit   'data-uri-to-buffer': [ '4.0.1' ],
16 silly audit   deepmerge: [ '4.3.1' ],
16 silly audit   dequal: [ '2.0.3' ],
16 silly audit   'dom-helpers': [ '5.2.1' ],
16 silly audit   'dom-serializer': [ '0.2.2' ],
16 silly audit   domelementtype: [ '2.3.0', '1.3.1' ],
16 silly audit   entities: [ '2.2.0', '1.1.2' ],
16 silly audit   'dom-walk': [ '0.1.2' ],
16 silly audit   domhandler: [ '2.4.2' ],
16 silly audit   domutils: [ '1.7.0' ],
16 silly audit   'emojis-list': [ '3.0.0' ],
16 silly audit   encoding: [ '0.1.13' ],
16 silly audit   'enquire.js': [ '2.1.6' ],
16 silly audit   'es6-object-assign': [ '1.1.0' ],
16 silly audit   'escape-string-regexp': [ '1.0.5' ],
16 silly audit   esutils: [ '2.0.3' ],
16 silly audit   exenv: [ '1.2.2' ],
16 silly audit   'exif-parser': [ '0.1.12' ],
16 silly audit   'fast-deep-equal': [ '3.1.3' ],
16 silly audit   'fast-json-stable-stringify': [ '2.1.0' ],
16 silly audit   'fast-uri': [ '3.0.1' ],
16 silly audit   fbjs: [ '0.8.18' ],
16 silly audit   'isomorphic-fetch': [ '2.2.1', '3.0.0' ],
16 silly audit   'node-fetch': [ '1.7.3', '2.7.0', '3.3.2' ],
16 silly audit   'ua-parser-js': [ '0.7.38', '1.0.38' ],
16 silly audit   'fetch-blob': [ '3.2.0' ],
16 silly audit   'file-loader': [ '6.2.0' ],
16 silly audit   'file-type': [ '16.5.4' ],
16 silly audit   'fill-range': [ '7.1.1' ],
16 silly audit   'find-cache-dir': [ '3.3.2' ],
16 silly audit   'find-up': [ '4.1.0' ],
16 silly audit   'follow-redirects': [ '1.15.6' ],
16 silly audit   'formdata-polyfill': [ '4.0.10' ],
16 silly audit   fsevents: [ '2.3.3' ],
16 silly audit   gifwrap: [ '0.10.1' ],
16 silly audit   'glob-parent': [ '5.1.2' ],
16 silly audit   'glob-to-regexp': [ '0.4.1' ],
16 silly audit   global: [ '4.4.0' ],
16 silly audit   'graceful-fs': [ '4.2.11' ],
16 silly audit   graphql: [ '16.9.0' ],
16 silly audit   'graphql-tag': [ '2.12.6' ],
16 silly audit   'has-ansi': [ '2.0.0' ],
16 silly audit   'has-flag': [ '3.0.0' ],
16 silly audit   'hi-base32': [ '0.5.1' ],
16 silly audit   'hoist-non-react-statics': [ '3.3.2' ],
16 silly audit   'html-parse-stringify': [ '3.0.1' ],
16 silly audit   htmlparser2: [ '3.10.1' ],
16 silly audit   'hyphenate-style-name': [ '1.1.0' ],
16 silly audit   i18next: [ '22.5.1' ],
16 silly audit   'i18next-browser-languagedetector': [ '7.2.1' ],
16 silly audit   'iconv-lite': [ '0.6.3' ],
16 silly audit   ieee754: [ '1.2.1' ],
16 silly audit   'image-q': [ '4.0.0' ],
16 silly audit   immer: [ '9.0.21' ],
16 silly audit   immutable: [ '4.3.6' ],
16 silly audit   inherits: [ '2.0.4' ],
16 silly audit   'intl-messageformat': [ '10.5.14' ],
16 silly audit   invariant: [ '2.2.4' ],
16 silly audit   'is-arrayish': [ '0.3.2' ],
16 silly audit   'is-binary-path': [ '2.1.0' ],
16 silly audit   'is-extglob': [ '2.1.1' ],
16 silly audit   'is-function': [ '1.0.2' ],
16 silly audit   'is-glob': [ '4.0.3' ],
16 silly audit   'is-in-browser': [ '1.1.3' ],
16 silly audit   'is-number': [ '7.0.0' ],
16 silly audit   'is-stream': [ '1.1.0' ],
16 silly audit   'isomorphic-unfetch': [ '4.0.2' ],
16 silly audit   jimp: [ '0.22.12' ],
16 silly audit   'jpeg-js': [ '0.4.4' ],
16 silly audit   jquery: [ '3.7.1' ],
16 silly audit   'js-image-zoom': [ '0.7.0' ],
16 silly audit   jsesc: [ '2.5.2' ],
16 silly audit   json2mq: [ '0.2.0' ],
16 silly audit   json5: [ '2.2.3' ],
16 silly audit   jss: [ '10.10.0' ],
16 silly audit   'jss-plugin-camel-case': [ '10.10.0' ],
16 silly audit   'jss-plugin-compose': [ '10.10.0' ],
16 silly audit   'jss-plugin-default-unit': [ '10.10.0' ],
16 silly audit   'jss-plugin-expand': [ '10.10.0' ],
16 silly audit   'jss-plugin-extend': [ '10.10.0' ],
16 silly audit   'jss-plugin-global': [ '10.10.0' ],
16 silly audit   'jss-plugin-nested': [ '10.10.0' ],
16 silly audit   'jss-plugin-props-sort': [ '10.10.0' ],
16 silly audit   'jss-plugin-rule-value-function': [ '10.10.0' ],
16 silly audit   'jss-plugin-rule-value-observable': [ '10.10.0' ],
16 silly audit   'symbol-observable': [ '1.2.0', '4.0.0' ],
16 silly audit   'jss-plugin-template': [ '10.10.0' ],
16 silly audit   'jss-plugin-vendor-prefixer': [ '10.10.0' ],
16 silly audit   'jss-preset-default': [ '10.10.0' ],
16 silly audit   'load-bmfont': [ '1.4.2' ],
16 silly audit   'loader-utils': [ '2.0.4', '3.3.1' ],
16 silly audit   'locate-path': [ '5.0.0' ],
16 silly audit   lodash: [ '4.17.21' ],
16 silly audit   'lodash.debounce': [ '4.0.8' ],
16 silly audit   'loose-envify': [ '1.4.0' ],
16 silly audit   'make-dir': [ '3.1.0' ],
16 silly audit   mime: [ '1.6.0' ],
16 silly audit   'mime-db': [ '1.52.0' ],
16 silly audit   'mime-types': [ '2.1.35' ],
16 silly audit   'min-document': [ '2.19.0' ],
16 silly audit   moment: [ '2.30.1' ],
16 silly audit   nanoid: [ '3.3.7' ],
16 silly audit   next: [ '13.5.6' ],
16 silly audit   'next-compose-plugins': [ '2.2.1' ],
16 silly audit   'next-fonts': [ '1.5.1' ],
16 silly audit   'next-images': [ '1.8.5' ],
16 silly audit   'next-redux-wrapper': [ '8.1.0' ],
16 silly audit   'node-domexception': [ '1.0.0' ],
16 silly audit   'normalize-path': [ '3.0.0' ],
16 silly audit   nprogress: [ '0.2.0' ],
16 silly audit   'object-assign': [ '4.1.1' ],
16 silly audit   omggif: [ '1.0.10' ],
16 silly audit   optimism: [ '0.18.0' ],
16 silly audit   'p-limit': [ '2.3.0' ],
16 silly audit   'p-locate': [ '4.1.0' ],
16 silly audit   'p-try': [ '2.2.0' ],
16 silly audit   pako: [ '1.0.11' ],
16 silly audit   'parse-bmfont-ascii': [ '1.0.6' ],
16 silly audit   'parse-bmfont-binary': [ '1.0.6' ],
16 silly audit   'parse-bmfont-xml': [ '1.1.6' ],
16 silly audit   'parse-headers': [ '2.0.5' ],
16 silly audit   'path-exists': [ '4.0.0' ],
16 silly audit   'peek-readable': [ '4.1.0' ],
16 silly audit   phin: [ '3.7.1' ],
16 silly audit   picocolors: [ '1.0.1' ],
16 silly audit   picomatch: [ '2.3.1' ],
16 silly audit   pixelmatch: [ '4.0.2' ],
16 silly audit   pngjs: [ '3.4.0', '6.0.0' ],
16 silly audit   'pkg-dir': [ '4.2.0' ],
16 silly audit   postcss: [ '8.4.31' ],
16 silly audit   process: [ '0.11.10' ],
16 silly audit   promise: [ '7.3.1' ],
16 silly audit   'promise-polyfill': [ '8.3.0', '6.1.0' ],
16 silly audit   'prop-types': [ '15.8.1' ],
16 silly audit   'prop-types-extra': [ '1.1.1' ],
16 silly audit   punycode: [ '2.3.1' ],
16 silly audit   react: [ '18.2.0', '16.4.2' ],
16 silly audit   'react-18-image-lightbox': [ '5.1.4' ],
16 silly audit   'react-accessible-accordion': [ '5.0.0' ],
16 silly audit   'react-apexcharts': [ '1.4.1' ],
16 silly audit   'react-bootstrap': [ '2.10.4' ],
16 silly audit   'react-content-loader': [ '6.2.1' ],
16 silly audit   'react-countdown': [ '2.3.5' ],
16 silly audit   'react-device-detect': [ '2.2.3' ],
16 silly audit   'react-display-name': [ '0.2.5' ],
16 silly audit   'react-dom': [ '18.2.0', '16.4.2' ],
16 silly audit   'react-dropdown-date': [ '2.2.7' ],
16 silly audit   'react-easy-swipe': [ '0.0.21' ],
16 silly audit   'react-fast-compare': [ '3.2.2' ],
16 silly audit   'react-form-stepper': [ '2.0.3' ],
16 silly audit   'react-fullpage': [ '0.1.19' ],
16 silly audit   'react-helmet': [ '6.1.0' ],
16 silly audit   'react-helmet-async': [ '1.3.0' ],
16 silly audit   'react-hook-form': [ '7.52.1' ],
16 silly audit   'react-html-parser': [ '2.0.2' ],
16 silly audit   'react-i18next': [ '12.3.1' ],
16 silly audit   'react-icons': [ '4.12.0' ],
16 silly audit   'react-image': [ '4.1.0' ],
16 silly audit   'react-image-zoom': [ '1.3.1' ],
16 silly audit   'react-intl': [ '6.6.8' ],
16 silly audit   'react-is': [ '16.13.1', '18.3.1' ],
16 silly audit   'react-jss': [ '10.10.0' ],
16 silly audit   'react-lifecycles-compat': [ '3.0.4' ],
16 silly audit   'react-masonry-css': [ '1.0.16' ],
16 silly audit   'react-modal': [ '3.16.1' ],
16 silly audit   'react-multi-carousel': [ '2.8.5' ],
16 silly audit   'react-paginate': [ '8.2.0' ],
16 silly audit   'react-popper': [ '2.3.0' ],
16 silly audit   'react-range': [ '1.9.0' ],
16 silly audit   'react-range-slider-input': [ '3.0.7' ],
16 silly audit   'react-rangeslider': [ '2.2.0' ],
16 silly audit   'react-redux': [ '8.1.3' ],
16 silly audit   'react-responsive-carousel': [ '3.2.23' ],
16 silly audit   'react-responsive-mixin': [ '0.4.0' ],
16 silly audit   'react-side-effect': [ '2.1.2' ],
16 silly audit   'react-slick': [ '0.29.0' ],
16 silly audit   'react-slick-carousel': [ '0.14.9' ],
16 silly audit   'react-step-progress': [ '1.0.3' ],
16 silly audit   'react-sticky-el': [ '2.1.0' ],
16 silly audit   'react-tabs': [ '6.0.0' ],
16 silly audit   'react-toastify': [ '9.1.3' ],
16 silly audit   'react-transition-group': [ '4.4.5' ],
16 silly audit   reactstrap: [ '9.2.2' ],
16 silly audit   'readable-stream': [ '3.6.2' ],
16 silly audit   'readable-web-to-node-stream': [ '3.0.2' ],
16 silly audit   readdirp: [ '3.6.0' ],
16 silly audit   redux: [ '4.2.1' ],
16 silly audit   'redux-devtools-extension': [ '2.13.9' ],
16 silly audit   'redux-thunk': [ '2.4.2' ],
16 silly audit   rehackt: [ '0.1.0' ],
16 silly audit   'require-from-string': [ '2.0.2' ],
16 silly audit   reselect: [ '4.1.8' ],
16 silly audit   'resize-observer-polyfill': [ '1.5.1' ],
16 silly audit   'response-iterator': [ '0.2.6' ],
16 silly audit   'responsive-loader': [ '3.1.2' ],
16 silly audit   'schema-utils': [ '4.2.0', '3.3.0' ],
16 silly audit   'rxjs-compat': [ '6.6.7' ],
16 silly audit   'safe-buffer': [ '5.2.1' ],
16 silly audit   'safer-buffer': [ '2.1.2' ],
16 silly audit   sass: [ '1.77.8' ],
16 silly audit   sax: [ '1.4.1' ],
16 silly audit   scheduler: [ '0.23.2' ],
16 silly audit   semver: [ '6.3.1' ],
16 silly audit   setimmediate: [ '1.0.5' ],
16 silly audit   'shallow-equal': [ '1.2.1' ],
16 silly audit   shallowequal: [ '1.1.0' ],
16 silly audit   'simple-swizzle': [ '0.2.2' ],
16 silly audit   'slick-carousel': [ '1.8.1' ],
16 silly audit   'source-map-js': [ '1.2.0' ],
16 silly audit   streamsearch: [ '1.1.0' ],
16 silly audit   string_decoder: [ '1.3.0' ],
16 silly audit   'string-convert': [ '0.2.1' ],
16 silly audit   'strip-ansi': [ '3.0.1' ],
16 silly audit   strtok3: [ '6.3.0' ],
16 silly audit   'styled-jsx': [ '5.1.1' ],
16 silly audit   'svg.draggable.js': [ '2.2.2' ],
16 silly audit   'svg.easing.js': [ '2.0.0' ],
16 silly audit   'svg.filter.js': [ '2.0.2' ],
16 silly audit   'svg.js': [ '2.7.1' ],
16 silly audit   'svg.pathmorphing.js': [ '0.1.3' ],
16 silly audit   'svg.resize.js': [ '1.4.3' ],
16 silly audit   'svg.select.js': [ '2.1.2', '3.0.1' ],
16 silly audit   sweetalert: [ '2.1.2' ],
16 silly audit   sweetalert2: [ '11.12.2' ],
16 silly audit   theming: [ '3.3.0' ],
16 silly audit   timm: [ '1.7.1' ],
16 silly audit   'tiny-warning': [ '1.0.3' ],
16 silly audit   tinycolor2: [ '1.6.0' ],
16 silly audit   'to-regex-range': [ '5.0.1' ],
16 silly audit   'token-types': [ '4.2.1' ],
16 silly audit   tr46: [ '0.0.3' ],
16 silly audit   'ts-invariant': [ '0.10.3' ],
16 silly audit   tslib: [ '2.6.3' ],
16 silly audit   typescript: [ '5.3.3' ],
16 silly audit   'undici-types': [ '5.26.5' ],
16 silly audit   unfetch: [ '5.0.0' ],
16 silly audit   'uri-js': [ '4.4.1' ],
16 silly audit   'url-loader': [ '4.1.1' ],
16 silly audit   'use-sync-external-store': [ '1.2.2' ],
16 silly audit   utif2: [ '4.1.0' ],
16 silly audit   'util-deprecate': [ '1.0.2' ],
16 silly audit   'void-elements': [ '3.1.0' ],
16 silly audit   warning: [ '4.0.3' ],
16 silly audit   watchpack: [ '2.4.0' ],
16 silly audit   'web-streams-polyfill': [ '3.3.3' ],
16 silly audit   'webidl-conversions': [ '3.0.1' ],
16 silly audit   'whatwg-fetch': [ '3.6.20' ],
16 silly audit   'whatwg-url': [ '5.0.0' ],
16 silly audit   xhr: [ '2.6.0' ],
16 silly audit   'xml-parse-from-string': [ '1.0.1' ],
16 silly audit   xml2js: [ '0.5.0' ],
16 silly audit   xmlbuilder: [ '11.0.1' ],
16 silly audit   xtend: [ '4.0.2' ],
16 silly audit   'zen-observable': [ '0.8.15' ],
16 silly audit   'zen-observable-ts': [ '1.2.5' ]
16 silly audit }
17 verbose reify failed optional dependency /var/www/vhosts/qmjewellery.com.my/httpdocs/node_modules/fsevents
18 silly reify mark deleted [ '/var/www/vhosts/qmjewellery.com.my/httpdocs/node_modules/fsevents' ]
19 verbose reify failed optional dependency /var/www/vhosts/qmjewellery.com.my/httpdocs/node_modules/@next/swc-win32-x64-msvc
20 silly reify mark deleted [
20 silly reify   '/var/www/vhosts/qmjewellery.com.my/httpdocs/node_modules/@next/swc-win32-x64-msvc'
20 silly reify ]
21 verbose reify failed optional dependency /var/www/vhosts/qmjewellery.com.my/httpdocs/node_modules/@next/swc-win32-ia32-msvc
22 silly reify mark deleted [
22 silly reify   '/var/www/vhosts/qmjewellery.com.my/httpdocs/node_modules/@next/swc-win32-ia32-msvc'
22 silly reify ]
23 verbose reify failed optional dependency /var/www/vhosts/qmjewellery.com.my/httpdocs/node_modules/@next/swc-win32-arm64-msvc
24 silly reify mark deleted [
24 silly reify   '/var/www/vhosts/qmjewellery.com.my/httpdocs/node_modules/@next/swc-win32-arm64-msvc'
24 silly reify ]
25 verbose reify failed optional dependency /var/www/vhosts/qmjewellery.com.my/httpdocs/node_modules/@next/swc-linux-arm64-musl
26 silly reify mark deleted [
26 silly reify   '/var/www/vhosts/qmjewellery.com.my/httpdocs/node_modules/@next/swc-linux-arm64-musl'
26 silly reify ]
27 verbose reify failed optional dependency /var/www/vhosts/qmjewellery.com.my/httpdocs/node_modules/@next/swc-linux-arm64-gnu
28 silly reify mark deleted [
28 silly reify   '/var/www/vhosts/qmjewellery.com.my/httpdocs/node_modules/@next/swc-linux-arm64-gnu'
28 silly reify ]
29 verbose reify failed optional dependency /var/www/vhosts/qmjewellery.com.my/httpdocs/node_modules/@next/swc-darwin-x64
30 silly reify mark deleted [
30 silly reify   '/var/www/vhosts/qmjewellery.com.my/httpdocs/node_modules/@next/swc-darwin-x64'
30 silly reify ]
31 verbose reify failed optional dependency /var/www/vhosts/qmjewellery.com.my/httpdocs/node_modules/@next/swc-darwin-arm64
32 silly reify mark deleted [
32 silly reify   '/var/www/vhosts/qmjewellery.com.my/httpdocs/node_modules/@next/swc-darwin-arm64'
32 silly reify ]
33 http fetch POST 200 https://registry.npmjs.org/-/npm/v1/security/advisories/bulk 935ms
34 silly audit report {
34 silly audit report   'babel-traverse': [
34 silly audit report     {
34 silly audit report       id: 1096879,
34 silly audit report       url: 'https://github.com/advisories/GHSA-67hx-6x53-jw92',
34 silly audit report       title: 'Babel vulnerable to arbitrary code execution when compiling specifically crafted malicious code',
34 silly audit report       severity: 'critical',
34 silly audit report       vulnerable_versions: '<7.23.2',
34 silly audit report       cwe: [Array],
34 silly audit report       cvss: [Object]
34 silly audit report     }
34 silly audit report   ],
34 silly audit report   'node-fetch': [
34 silly audit report     {
34 silly audit report       id: 1095073,
34 silly audit report       url: 'https://github.com/advisories/GHSA-r683-j2x4-v87g',
34 silly audit report       title: 'node-fetch forwards secure headers to untrusted sites',
34 silly audit report       severity: 'high',
34 silly audit report       vulnerable_versions: '<2.6.7',
34 silly audit report       cwe: [Array],
34 silly audit report       cvss: [Object]
34 silly audit report     }
34 silly audit report   ],
34 silly audit report   next: [
34 silly audit report     {
34 silly audit report       id: 1097295,
34 silly audit report       url: 'https://github.com/advisories/GHSA-fr5h-rqp8-mj6g',
34 silly audit report       title: 'Next.js Server-Side Request Forgery in Server Actions',
34 silly audit report       severity: 'high',
34 silly audit report       vulnerable_versions: '>=13.4.0 <14.1.1',
34 silly audit report       cwe: [Array],
34 silly audit report       cvss: [Object]
34 silly audit report     }
34 silly audit report   ],
34 silly audit report   sweetalert2: [
34 silly audit report     {
34 silly audit report       id: 1094698,
34 silly audit report       url: 'https://github.com/advisories/GHSA-mrr8-v49w-3333',
34 silly audit report       title: 'sweetalert2 v11.6.14 and above contains potentially undesirable behavior',
34 silly audit report       severity: 'low',
34 silly audit report       vulnerable_versions: '>=11.6.14',
34 silly audit report       cwe: [Array],
34 silly audit report       cvss: [Object]
34 silly audit report     }
34 silly audit report   ]
34 silly audit report }
35 silly packumentCache corgi:https://registry.npmjs.org/babel-traverse cache-miss
36 silly packumentCache corgi:https://registry.npmjs.org/node-fetch cache-miss
37 silly packumentCache corgi:https://registry.npmjs.org/next cache-miss
38 silly packumentCache corgi:https://registry.npmjs.org/sweetalert2 cache-miss
39 http fetch GET 200 https://registry.npmjs.org/babel-traverse 63ms (cache revalidated)
40 silly packumentCache corgi:https://registry.npmjs.org/babel-traverse set size:59116 disposed:false
41 http fetch GET 200 https://registry.npmjs.org/node-fetch 74ms (cache revalidated)
42 silly packumentCache corgi:https://registry.npmjs.org/node-fetch set size:137975 disposed:false
43 http fetch GET 200 https://registry.npmjs.org/next 143ms (cache revalidated)
44 silly packumentCache corgi:https://registry.npmjs.org/next set size:16637223 disposed:false
45 http fetch GET 200 https://registry.npmjs.org/sweetalert2 405ms (cache revalidated)
46 silly packumentCache corgi:https://registry.npmjs.org/sweetalert2 set size:1438660 disposed:false
47 silly packumentCache corgi:https://registry.npmjs.org/babel-helper-bindify-decorators cache-miss
48 silly packumentCache corgi:https://registry.npmjs.org/babel-helper-explode-assignable-expression cache-miss
49 silly packumentCache corgi:https://registry.npmjs.org/babel-helper-explode-class cache-miss
50 silly packumentCache corgi:https://registry.npmjs.org/babel-helper-function-name cache-miss
51 silly packumentCache corgi:https://registry.npmjs.org/babel-helper-remap-async-to-generator cache-miss
52 silly packumentCache corgi:https://registry.npmjs.org/babel-template cache-miss
53 http fetch GET 200 https://registry.npmjs.org/babel-helper-explode-assignable-expression 52ms (cache revalidated)
54 silly packumentCache corgi:https://registry.npmjs.org/babel-helper-explode-assignable-expression set size:30966 disposed:false
55 http fetch GET 200 https://registry.npmjs.org/babel-helper-bindify-decorators 53ms (cache revalidated)
56 silly packumentCache corgi:https://registry.npmjs.org/babel-helper-bindify-decorators set size:30067 disposed:false
57 http fetch GET 200 https://registry.npmjs.org/babel-helper-remap-async-to-generator 75ms (cache revalidated)
58 silly packumentCache corgi:https://registry.npmjs.org/babel-helper-remap-async-to-generator set size:40595 disposed:false
59 http fetch GET 200 https://registry.npmjs.org/babel-template 80ms (cache revalidated)
60 silly packumentCache corgi:https://registry.npmjs.org/babel-template set size:28985 disposed:false
61 http fetch GET 200 https://registry.npmjs.org/babel-helper-function-name 99ms (cache revalidated)
62 silly packumentCache corgi:https://registry.npmjs.org/babel-helper-function-name set size:32919 disposed:false
63 http fetch GET 200 https://registry.npmjs.org/babel-helper-explode-class 766ms (cache revalidated)
64 silly packumentCache corgi:https://registry.npmjs.org/babel-helper-explode-class set size:30875 disposed:false
65 silly packumentCache corgi:https://registry.npmjs.org/isomorphic-fetch cache-miss
66 http fetch GET 200 https://registry.npmjs.org/isomorphic-fetch 34ms (cache revalidated)
67 silly packumentCache corgi:https://registry.npmjs.org/isomorphic-fetch set size:18074 disposed:false
68 silly packumentCache corgi:https://registry.npmjs.org/babel-helper-builder-binary-assignment-operator-visitor cache-miss
69 http fetch GET 200 https://registry.npmjs.org/babel-helper-builder-binary-assignment-operator-visitor 718ms (cache revalidated)
70 silly packumentCache corgi:https://registry.npmjs.org/babel-helper-builder-binary-assignment-operator-visitor set size:34800 disposed:false
71 silly packumentCache corgi:https://registry.npmjs.org/babel-plugin-transform-async-generator-functions cache-miss
72 silly packumentCache corgi:https://registry.npmjs.org/babel-plugin-transform-async-to-generator cache-miss
73 http fetch GET 200 https://registry.npmjs.org/babel-plugin-transform-async-to-generator 39ms (cache revalidated)
74 silly packumentCache corgi:https://registry.npmjs.org/babel-plugin-transform-async-to-generator set size:32052 disposed:false
75 http fetch GET 200 https://registry.npmjs.org/babel-plugin-transform-async-generator-functions 716ms (cache revalidated)
76 silly packumentCache corgi:https://registry.npmjs.org/babel-plugin-transform-async-generator-functions set size:19589 disposed:false
77 silly packumentCache corgi:https://registry.npmjs.org/babel-plugin-transform-class-properties cache-miss
78 silly packumentCache corgi:https://registry.npmjs.org/babel-plugin-transform-decorators cache-miss
79 http fetch GET 200 https://registry.npmjs.org/babel-plugin-transform-class-properties 38ms (cache revalidated)
80 silly packumentCache corgi:https://registry.npmjs.org/babel-plugin-transform-class-properties set size:36582 disposed:false
81 http fetch GET 200 https://registry.npmjs.org/babel-plugin-transform-decorators 688ms (cache revalidated)
82 silly packumentCache corgi:https://registry.npmjs.org/babel-plugin-transform-decorators set size:29605 disposed:false
83 silly packumentCache corgi:https://registry.npmjs.org/fbjs cache-miss
84 http fetch GET 200 https://registry.npmjs.org/fbjs 47ms (cache revalidated)
85 silly packumentCache corgi:https://registry.npmjs.org/fbjs set size:64207 disposed:false
86 silly packumentCache corgi:https://registry.npmjs.org/babel-plugin-transform-exponentiation-operator cache-miss
87 http fetch GET 200 https://registry.npmjs.org/babel-plugin-transform-exponentiation-operator 36ms (cache revalidated)
88 silly packumentCache corgi:https://registry.npmjs.org/babel-plugin-transform-exponentiation-operator set size:25611 disposed:false
89 silly packumentCache corgi:https://registry.npmjs.org/babel-preset-stage-3 cache-miss
90 http fetch GET 200 https://registry.npmjs.org/babel-preset-stage-3 688ms (cache revalidated)
91 silly packumentCache corgi:https://registry.npmjs.org/babel-preset-stage-3 set size:24722 disposed:false
92 silly packumentCache corgi:https://registry.npmjs.org/babel-preset-stage-2 cache-miss
93 http fetch GET 200 https://registry.npmjs.org/babel-preset-stage-2 49ms (cache revalidated)
94 silly packumentCache corgi:https://registry.npmjs.org/babel-preset-stage-2 set size:24717 disposed:false
95 silly packumentCache corgi:https://registry.npmjs.org/react cache-miss
96 silly packumentCache corgi:https://registry.npmjs.org/react-dom cache-miss
97 http fetch GET 200 https://registry.npmjs.org/react 50ms (cache revalidated)
98 silly packumentCache corgi:https://registry.npmjs.org/react set size:2235735 disposed:false
99 http fetch GET 200 https://registry.npmjs.org/react-dom 82ms (cache revalidated)
100 silly packumentCache corgi:https://registry.npmjs.org/react-dom set size:2377210 disposed:false
101 silly packumentCache corgi:https://registry.npmjs.org/react-fullpage cache-miss
102 http fetch GET 200 https://registry.npmjs.org/react-fullpage 697ms (cache revalidated)
103 silly packumentCache corgi:https://registry.npmjs.org/react-fullpage set size:9058 disposed:false
104 silly ADD
105 silly ADD
106 silly ADD
107 silly ADD
108 silly ADD
109 silly ADD
110 silly ADD
111 silly ADD
112 verbose cwd /var/www/vhosts/qmjewellery.com.my/httpdocs
113 verbose os Linux 4.18.0-553.8.1.el8_10.x86_64
114 verbose node v20.16.0
115 verbose npm  v10.8.1
116 verbose exit 0
117 info ok
